<?xml version="1.0" encoding="UTF-8"?>
<!-- Generated by org.testng.reporters.JUnitReportReporter -->
<testsuite hostname="LAPTOP-GO0H0EAB" failures="0" tests="1" name="com.fb.login.TC005" time="172.474" errors="0" timestamp="2021-09-04T15:11:34 IST" skipped="0">
  <testcase classname="com.fb.login.TC005" name="tc004" time="172.474"/>
  <system-out>
    <![CDATA[Sign Up
Log In
Messenger
Facebook Lite
Watch
Places
Games
Marketplace
Facebook Pay
Jobs
Oculus
Portal
Instagram
Local
Fundraisers
Services
Voting Information Centre
About
Create ad
Create Page
Developers
Careers
Privacy
Cookies
AdChoices
Terms
Help
Settings
Activity log]]>
  </system-out>
</testsuite> <!-- com.fb.login.TC005 -->
